2026-02-25 19:13:20,073 | INFO | __main__ | ============================================================
2026-02-25 19:13:20,073 | INFO | __main__ | PATHWAY STREAMING FRAUD DETECTION PIPELINE
2026-02-25 19:13:20,073 | INFO | __main__ | ============================================================
2026-02-25 19:13:20,073 | INFO | __main__ | 📥 Setting up streaming CSV connector...
2026-02-25 19:13:20,078 | INFO | __main__ | ✓ Streaming ingestion configured
2026-02-25 19:13:20,078 | INFO | __main__ |   • Mode: streaming
2026-02-25 19:13:20,078 | INFO | __main__ |   • Auto-commit: 500ms
2026-02-25 19:13:20,078 | INFO | __main__ |   • File: data/transactions.csv
2026-02-25 19:13:20,078 | INFO | __main__ | 
🔧 Configuring feature engineering...
2026-02-25 19:13:20,135 | INFO | __main__ | ✓ Stateful feature computation configured
2026-02-25 19:13:20,135 | INFO | __main__ |   • Rolling averages per user
2026-02-25 19:13:20,135 | INFO | __main__ |   • Transaction counts (incremental)
2026-02-25 19:13:20,135 | INFO | __main__ |   • Location change detection
2026-02-25 19:13:20,135 | INFO | __main__ | 
🎯 Configuring risk scoring engine...
2026-02-25 19:13:20,210 | INFO | __main__ | ✓ Rule-based scoring configured
2026-02-25 19:13:20,210 | INFO | __main__ |   • Large amount detection
2026-02-25 19:13:20,210 | INFO | __main__ |   • Rapid fire detection
2026-02-25 19:13:20,210 | INFO | __main__ |   • Location anomalies
2026-02-25 19:13:20,210 | INFO | __main__ | 
🚨 Configuring alert extraction...
2026-02-25 19:13:20,220 | INFO | __main__ | ✓ Alert filtering configured (threshold: 0.70)
2026-02-25 19:13:20,221 | INFO | __main__ | 
📤 Setting up continuous output streams...
/root/.venv/lib/python3.11/site-packages/beartype/_util/hint/pep/utilpeptest.py:311: BeartypeDecorHintPep585DeprecationWarning: PEP 484 type hint typing.Iterable[pathway.internals.expression.ColumnReference] deprecated by PEP 585. This hint is scheduled for removal in the first Python version released after October 5th, 2025. To resolve this, import this hint from "beartype.typing" rather than "typing". For further commentary and alternatives, see also:
    https://beartype.readthedocs.io/en/latest/api_roar/#pep-585-deprecations
  warn(
2026-02-25 19:13:20,222 | INFO | __main__ | ✓ Scored transactions → data/scored_transactions.csv
2026-02-25 19:13:20,223 | INFO | __main__ | ✓ High-risk alerts → data/alerts.csv
2026-02-25 19:13:20,223 | INFO | __main__ | 
============================================================
2026-02-25 19:13:20,223 | INFO | __main__ | 🚀 STARTING CONTINUOUS PROCESSING
2026-02-25 19:13:20,223 | INFO | __main__ | ============================================================
2026-02-25 19:13:20,223 | INFO | __main__ | Pipeline is now running...
2026-02-25 19:13:20,223 | INFO | __main__ | • New transactions will be processed automatically
2026-02-25 19:13:20,224 | INFO | __main__ | • Output files update in real-time
2026-02-25 19:13:20,224 | INFO | __main__ | • Dashboard will show live updates
2026-02-25 19:13:20,224 | INFO | __main__ | • Press Ctrl+C to stop
2026-02-25 19:13:20,224 | INFO | __main__ | ============================================================

[2026-02-25T19:13:20]:INFO:Preparing Pathway computation
[2026-02-25T19:13:20]:INFO:Enter read_snapshot method with reader PosixLike
[2026-02-25T19:13:20]:INFO:FileSystem(data/transactions.csv): 0 entries (1 minibatch(es)) have been sent to the engine
[2026-02-25T19:13:20]:INFO:FileSystem(data/scored_transactions.csv): Done writing 0 entries, time 1772046800244. Current batch writes took: 0 ms. All writes so far took: 0 ms.
[2026-02-25T19:13:20]:INFO:FileSystem(data/alerts.csv): Done writing 0 entries, time 1772046800244. Current batch writes took: 0 ms. All writes so far took: 0 ms.
[2026-02-25T19:13:25]:INFO:FileSystem(data/transactions.csv): 91 entries (11 minibatch(es)) have been sent to the engine
[2026-02-25T19:13:25]:INFO:FileSystem(data/scored_transactions.csv): Done writing 91 entries, time 1772046805746. Current batch writes took: 0 ms. All writes so far took: 0 ms.
[2026-02-25T19:13:25]:INFO:FileSystem(data/alerts.csv): Done writing 6 entries, time 1772046805746. Current batch writes took: 0 ms. All writes so far took: 0 ms.
[2026-02-25T19:13:30]:INFO:FileSystem(data/transactions.csv): 0 entries (10 minibatch(es)) have been sent to the engine
[2026-02-25T19:13:31]:INFO:FileSystem(data/scored_transactions.csv): Done writing 0 entries, time 1772046811246. Current batch writes took: 0 ms. All writes so far took: 0 ms.
[2026-02-25T19:13:31]:INFO:FileSystem(data/alerts.csv): Done writing 0 entries, time 1772046811246. Current batch writes took: 0 ms. All writes so far took: 0 ms.
[2026-02-25T19:13:36]:INFO:FileSystem(data/scored_transactions.csv): Done writing 0 entries, time 1772046816246. Current batch writes took: 0 ms. All writes so far took: 0 ms.
[2026-02-25T19:13:36]:INFO:FileSystem(data/alerts.csv): Done writing 0 entries, time 1772046816246. Current batch writes took: 0 ms. All writes so far took: 0 ms.
[2026-02-25T19:13:41]:INFO:FileSystem(data/scored_transactions.csv): Done writing 0 entries, time 1772046821746. Current batch writes took: 0 ms. All writes so far took: 0 ms.
[2026-02-25T19:13:41]:INFO:FileSystem(data/alerts.csv): Done writing 0 entries, time 1772046821746. Current batch writes took: 0 ms. All writes so far took: 0 ms.
[2026-02-25T19:13:46]:INFO:FileSystem(data/scored_transactions.csv): Done writing 0 entries, time 1772046826746. Current batch writes took: 0 ms. All writes so far took: 0 ms.
[2026-02-25T19:13:46]:INFO:FileSystem(data/alerts.csv): Done writing 0 entries, time 1772046826746. Current batch writes took: 0 ms. All writes so far took: 0 ms.
[2026-02-25T19:13:52]:INFO:FileSystem(data/scored_transactions.csv): Done writing 0 entries, time 1772046832246. Current batch writes took: 0 ms. All writes so far took: 0 ms.
[2026-02-25T19:13:52]:INFO:FileSystem(data/alerts.csv): Done writing 0 entries, time 1772046832246. Current batch writes took: 0 ms. All writes so far took: 0 ms.
[2026-02-25T19:13:57]:INFO:FileSystem(data/scored_transactions.csv): Done writing 0 entries, time 1772046837746. Current batch writes took: 0 ms. All writes so far took: 0 ms.
[2026-02-25T19:13:57]:INFO:FileSystem(data/alerts.csv): Done writing 0 entries, time 1772046837746. Current batch writes took: 0 ms. All writes so far took: 0 ms.
[2026-02-25T19:14:02]:INFO:FileSystem(data/scored_transactions.csv): Done writing 0 entries, time 1772046842746. Current batch writes took: 0 ms. All writes so far took: 0 ms.
[2026-02-25T19:14:02]:INFO:FileSystem(data/alerts.csv): Done writing 0 entries, time 1772046842746. Current batch writes took: 0 ms. All writes so far took: 0 ms.
[2026-02-25T19:14:08]:INFO:FileSystem(data/scored_transactions.csv): Done writing 0 entries, time 1772046848246. Current batch writes took: 0 ms. All writes so far took: 0 ms.
[2026-02-25T19:14:08]:INFO:FileSystem(data/alerts.csv): Done writing 0 entries, time 1772046848246. Current batch writes took: 0 ms. All writes so far took: 0 ms.
[2026-02-25T19:14:13]:INFO:FileSystem(data/scored_transactions.csv): Done writing 0 entries, time 1772046853246. Current batch writes took: 0 ms. All writes so far took: 0 ms.
[2026-02-25T19:14:13]:INFO:FileSystem(data/alerts.csv): Done writing 0 entries, time 1772046853246. Current batch writes took: 0 ms. All writes so far took: 0 ms.
[2026-02-25T19:14:18]:INFO:FileSystem(data/scored_transactions.csv): Done writing 0 entries, time 1772046858246. Current batch writes took: 0 ms. All writes so far took: 0 ms.
[2026-02-25T19:14:18]:INFO:FileSystem(data/alerts.csv): Done writing 0 entries, time 1772046858246. Current batch writes took: 0 ms. All writes so far took: 0 ms.
[2026-02-25T19:14:23]:INFO:FileSystem(data/scored_transactions.csv): Done writing 0 entries, time 1772046863746. Current batch writes took: 0 ms. All writes so far took: 0 ms.
[2026-02-25T19:14:23]:INFO:FileSystem(data/alerts.csv): Done writing 0 entries, time 1772046863746. Current batch writes took: 0 ms. All writes so far took: 0 ms.
[2026-02-25T19:14:29]:INFO:FileSystem(data/scored_transactions.csv): Done writing 0 entries, time 1772046869246. Current batch writes took: 0 ms. All writes so far took: 0 ms.
[2026-02-25T19:14:29]:INFO:FileSystem(data/alerts.csv): Done writing 0 entries, time 1772046869246. Current batch writes took: 0 ms. All writes so far took: 0 ms.
[2026-02-25T19:14:34]:INFO:FileSystem(data/alerts.csv): Done writing 0 entries, time 1772046874246. Current batch writes took: 0 ms. All writes so far took: 0 ms.
[2026-02-25T19:14:34]:INFO:FileSystem(data/scored_transactions.csv): Done writing 0 entries, time 1772046874246. Current batch writes took: 0 ms. All writes so far took: 0 ms.
[2026-02-25T19:14:39]:INFO:FileSystem(data/scored_transactions.csv): Done writing 0 entries, time 1772046879246. Current batch writes took: 0 ms. All writes so far took: 0 ms.
[2026-02-25T19:14:39]:INFO:FileSystem(data/alerts.csv): Done writing 0 entries, time 1772046879246. Current batch writes took: 0 ms. All writes so far took: 0 ms.
[2026-02-25T19:14:44]:INFO:FileSystem(data/scored_transactions.csv): Done writing 0 entries, time 1772046884746. Current batch writes took: 0 ms. All writes so far took: 0 ms.
[2026-02-25T19:14:44]:INFO:FileSystem(data/alerts.csv): Done writing 0 entries, time 1772046884746. Current batch writes took: 0 ms. All writes so far took: 0 ms.
[2026-02-25T19:14:49]:INFO:FileSystem(data/scored_transactions.csv): Done writing 0 entries, time 1772046889746. Current batch writes took: 0 ms. All writes so far took: 0 ms.
[2026-02-25T19:14:49]:INFO:FileSystem(data/alerts.csv): Done writing 0 entries, time 1772046889746. Current batch writes took: 0 ms. All writes so far took: 0 ms.
[2026-02-25T19:14:55]:INFO:FileSystem(data/scored_transactions.csv): Done writing 0 entries, time 1772046895246. Current batch writes took: 0 ms. All writes so far took: 0 ms.
[2026-02-25T19:14:55]:INFO:FileSystem(data/alerts.csv): Done writing 0 entries, time 1772046895246. Current batch writes took: 0 ms. All writes so far took: 0 ms.
[2026-02-25T19:15:00]:INFO:FileSystem(data/scored_transactions.csv): Done writing 0 entries, time 1772046900246. Current batch writes took: 0 ms. All writes so far took: 0 ms.
[2026-02-25T19:15:00]:INFO:FileSystem(data/alerts.csv): Done writing 0 entries, time 1772046900246. Current batch writes took: 0 ms. All writes so far took: 0 ms.
[2026-02-25T19:15:05]:INFO:FileSystem(data/scored_transactions.csv): Done writing 0 entries, time 1772046905246. Current batch writes took: 0 ms. All writes so far took: 0 ms.
[2026-02-25T19:15:05]:INFO:FileSystem(data/alerts.csv): Done writing 0 entries, time 1772046905246. Current batch writes took: 0 ms. All writes so far took: 0 ms.
[2026-02-25T19:15:10]:INFO:FileSystem(data/scored_transactions.csv): Done writing 0 entries, time 1772046910246. Current batch writes took: 0 ms. All writes so far took: 0 ms.
[2026-02-25T19:15:10]:INFO:FileSystem(data/alerts.csv): Done writing 0 entries, time 1772046910246. Current batch writes took: 0 ms. All writes so far took: 0 ms.
[2026-02-25T19:15:15]:INFO:FileSystem(data/scored_transactions.csv): Done writing 0 entries, time 1772046915746. Current batch writes took: 0 ms. All writes so far took: 0 ms.
[2026-02-25T19:15:15]:INFO:FileSystem(data/alerts.csv): Done writing 0 entries, time 1772046915746. Current batch writes took: 0 ms. All writes so far took: 0 ms.
[2026-02-25T19:15:20]:INFO:FileSystem(data/scored_transactions.csv): Done writing 0 entries, time 1772046920746. Current batch writes took: 0 ms. All writes so far took: 0 ms.
[2026-02-25T19:15:21]:INFO:FileSystem(data/alerts.csv): Done writing 0 entries, time 1772046921246. Current batch writes took: 0 ms. All writes so far took: 0 ms.
[2026-02-25T19:15:25]:INFO:FileSystem(data/scored_transactions.csv): Done writing 0 entries, time 1772046925746. Current batch writes took: 0 ms. All writes so far took: 0 ms.
[2026-02-25T19:15:26]:INFO:FileSystem(data/alerts.csv): Done writing 0 entries, time 1772046926746. Current batch writes took: 0 ms. All writes so far took: 0 ms.
[2026-02-25T19:15:30]:INFO:FileSystem(data/scored_transactions.csv): Done writing 0 entries, time 1772046930746. Current batch writes took: 0 ms. All writes so far took: 0 ms.
[2026-02-25T19:15:32]:INFO:FileSystem(data/alerts.csv): Done writing 0 entries, time 1772046932246. Current batch writes took: 0 ms. All writes so far took: 0 ms.
[2026-02-25T19:15:36]:INFO:FileSystem(data/scored_transactions.csv): Done writing 0 entries, time 1772046936246. Current batch writes took: 0 ms. All writes so far took: 0 ms.
[2026-02-25T19:15:37]:INFO:FileSystem(data/alerts.csv): Done writing 0 entries, time 1772046937746. Current batch writes took: 0 ms. All writes so far took: 0 ms.
[2026-02-25T19:15:41]:INFO:FileSystem(data/scored_transactions.csv): Done writing 0 entries, time 1772046941246. Current batch writes took: 0 ms. All writes so far took: 0 ms.
[2026-02-25T19:15:43]:INFO:FileSystem(data/alerts.csv): Done writing 0 entries, time 1772046943246. Current batch writes took: 0 ms. All writes so far took: 0 ms.
[2026-02-25T19:15:46]:INFO:FileSystem(data/scored_transactions.csv): Done writing 0 entries, time 1772046946746. Current batch writes took: 0 ms. All writes so far took: 0 ms.
[2026-02-25T19:15:48]:INFO:FileSystem(data/alerts.csv): Done writing 0 entries, time 1772046948246. Current batch writes took: 0 ms. All writes so far took: 0 ms.
[2026-02-25T19:15:52]:INFO:FileSystem(data/scored_transactions.csv): Done writing 0 entries, time 1772046952246. Current batch writes took: 0 ms. All writes so far took: 0 ms.
[2026-02-25T19:15:53]:INFO:FileSystem(data/alerts.csv): Done writing 0 entries, time 1772046953746. Current batch writes took: 0 ms. All writes so far took: 0 ms.
[2026-02-25T19:15:57]:INFO:FileSystem(data/scored_transactions.csv): Done writing 0 entries, time 1772046957246. Current batch writes took: 0 ms. All writes so far took: 0 ms.
[2026-02-25T19:15:58]:INFO:FileSystem(data/alerts.csv): Done writing 0 entries, time 1772046958746. Current batch writes took: 0 ms. All writes so far took: 0 ms.
[2026-02-25T19:16:02]:INFO:FileSystem(data/scored_transactions.csv): Done writing 0 entries, time 1772046962746. Current batch writes took: 0 ms. All writes so far took: 0 ms.
[2026-02-25T19:16:04]:INFO:FileSystem(data/alerts.csv): Done writing 0 entries, time 1772046964246. Current batch writes took: 0 ms. All writes so far took: 0 ms.
[2026-02-25T19:16:08]:INFO:FileSystem(data/scored_transactions.csv): Done writing 0 entries, time 1772046968246. Current batch writes took: 0 ms. All writes so far took: 0 ms.
[2026-02-25T19:16:09]:INFO:FileSystem(data/alerts.csv): Done writing 0 entries, time 1772046969246. Current batch writes took: 0 ms. All writes so far took: 0 ms.
[2026-02-25T19:16:13]:INFO:FileSystem(data/scored_transactions.csv): Done writing 0 entries, time 1772046973746. Current batch writes took: 0 ms. All writes so far took: 0 ms.
[2026-02-25T19:16:14]:INFO:FileSystem(data/alerts.csv): Done writing 0 entries, time 1772046974746. Current batch writes took: 0 ms. All writes so far took: 0 ms.
[2026-02-25T19:16:19]:INFO:FileSystem(data/scored_transactions.csv): Done writing 0 entries, time 1772046979246. Current batch writes took: 0 ms. All writes so far took: 0 ms.
[2026-02-25T19:16:19]:INFO:FileSystem(data/alerts.csv): Done writing 0 entries, time 1772046979746. Current batch writes took: 0 ms. All writes so far took: 0 ms.
[2026-02-25T19:16:24]:INFO:FileSystem(data/scored_transactions.csv): Done writing 0 entries, time 1772046984246. Current batch writes took: 0 ms. All writes so far took: 0 ms.
[2026-02-25T19:16:25]:INFO:FileSystem(data/alerts.csv): Done writing 0 entries, time 1772046985246. Current batch writes took: 0 ms. All writes so far took: 0 ms.
[2026-02-25T19:16:29]:INFO:FileSystem(data/scored_transactions.csv): Done writing 0 entries, time 1772046989746. Current batch writes took: 0 ms. All writes so far took: 0 ms.
[2026-02-25T19:16:30]:INFO:FileSystem(data/alerts.csv): Done writing 0 entries, time 1772046990746. Current batch writes took: 0 ms. All writes so far took: 0 ms.
[2026-02-25T19:16:35]:INFO:FileSystem(data/scored_transactions.csv): Done writing 0 entries, time 1772046995246. Current batch writes took: 0 ms. All writes so far took: 0 ms.
[2026-02-25T19:16:36]:INFO:FileSystem(data/alerts.csv): Done writing 0 entries, time 1772046996246. Current batch writes took: 0 ms. All writes so far took: 0 ms.
[2026-02-25T19:16:40]:INFO:FileSystem(data/scored_transactions.csv): Done writing 0 entries, time 1772047000246. Current batch writes took: 0 ms. All writes so far took: 0 ms.
[2026-02-25T19:16:41]:INFO:FileSystem(data/alerts.csv): Done writing 0 entries, time 1772047001246. Current batch writes took: 0 ms. All writes so far took: 0 ms.
[2026-02-25T19:16:45]:INFO:FileSystem(data/scored_transactions.csv): Done writing 0 entries, time 1772047005746. Current batch writes took: 0 ms. All writes so far took: 0 ms.
[2026-02-25T19:16:46]:INFO:FileSystem(data/alerts.csv): Done writing 0 entries, time 1772047006746. Current batch writes took: 0 ms. All writes so far took: 0 ms.
[2026-02-25T19:16:51]:INFO:FileSystem(data/scored_transactions.csv): Done writing 0 entries, time 1772047011246. Current batch writes took: 0 ms. All writes so far took: 0 ms.
[2026-02-25T19:16:52]:INFO:FileSystem(data/alerts.csv): Done writing 0 entries, time 1772047012246. Current batch writes took: 0 ms. All writes so far took: 0 ms.
[2026-02-25T19:16:56]:INFO:FileSystem(data/scored_transactions.csv): Done writing 0 entries, time 1772047016246. Current batch writes took: 0 ms. All writes so far took: 0 ms.
[2026-02-25T19:16:57]:INFO:FileSystem(data/alerts.csv): Done writing 0 entries, time 1772047017246. Current batch writes took: 0 ms. All writes so far took: 0 ms.
[2026-02-25T19:17:01]:INFO:FileSystem(data/scored_transactions.csv): Done writing 0 entries, time 1772047021746. Current batch writes took: 0 ms. All writes so far took: 0 ms.
[2026-02-25T19:17:02]:INFO:FileSystem(data/alerts.csv): Done writing 0 entries, time 1772047022746. Current batch writes took: 0 ms. All writes so far took: 0 ms.
[2026-02-25T19:17:06]:INFO:FileSystem(data/scored_transactions.csv): Done writing 0 entries, time 1772047026746. Current batch writes took: 0 ms. All writes so far took: 0 ms.
[2026-02-25T19:17:07]:INFO:FileSystem(data/alerts.csv): Done writing 0 entries, time 1772047027746. Current batch writes took: 0 ms. All writes so far took: 0 ms.
[2026-02-25T19:17:11]:INFO:FileSystem(data/scored_transactions.csv): Done writing 0 entries, time 1772047031746. Current batch writes took: 0 ms. All writes so far took: 0 ms.
[2026-02-25T19:17:13]:INFO:FileSystem(data/alerts.csv): Done writing 0 entries, time 1772047033246. Current batch writes took: 0 ms. All writes so far took: 0 ms.
[2026-02-25T19:17:17]:INFO:FileSystem(data/scored_transactions.csv): Done writing 0 entries, time 1772047037246. Current batch writes took: 0 ms. All writes so far took: 0 ms.
[2026-02-25T19:17:18]:INFO:FileSystem(data/alerts.csv): Done writing 0 entries, time 1772047038746. Current batch writes took: 0 ms. All writes so far took: 0 ms.
[2026-02-25T19:17:22]:INFO:FileSystem(data/scored_transactions.csv): Done writing 0 entries, time 1772047042746. Current batch writes took: 0 ms. All writes so far took: 0 ms.
[2026-02-25T19:17:24]:INFO:FileSystem(data/alerts.csv): Done writing 0 entries, time 1772047044246. Current batch writes took: 0 ms. All writes so far took: 0 ms.
[2026-02-25T19:17:27]:INFO:FileSystem(data/scored_transactions.csv): Done writing 0 entries, time 1772047047746. Current batch writes took: 0 ms. All writes so far took: 0 ms.
[2026-02-25T19:17:29]:INFO:FileSystem(data/alerts.csv): Done writing 0 entries, time 1772047049246. Current batch writes took: 0 ms. All writes so far took: 0 ms.
[2026-02-25T19:17:33]:INFO:FileSystem(data/scored_transactions.csv): Done writing 0 entries, time 1772047053246. Current batch writes took: 0 ms. All writes so far took: 0 ms.
[2026-02-25T19:17:34]:INFO:FileSystem(data/alerts.csv): Done writing 0 entries, time 1772047054246. Current batch writes took: 0 ms. All writes so far took: 0 ms.
[2026-02-25T19:17:38]:INFO:FileSystem(data/scored_transactions.csv): Done writing 0 entries, time 1772047058746. Current batch writes took: 0 ms. All writes so far took: 0 ms.
[2026-02-25T19:17:39]:INFO:FileSystem(data/alerts.csv): Done writing 0 entries, time 1772047059246. Current batch writes took: 0 ms. All writes so far took: 0 ms.
[2026-02-25T19:17:44]:INFO:FileSystem(data/scored_transactions.csv): Done writing 0 entries, time 1772047064246. Current batch writes took: 0 ms. All writes so far took: 0 ms.
[2026-02-25T19:17:44]:INFO:FileSystem(data/alerts.csv): Done writing 0 entries, time 1772047064746. Current batch writes took: 0 ms. All writes so far took: 0 ms.
[2026-02-25T19:17:49]:INFO:FileSystem(data/scored_transactions.csv): Done writing 0 entries, time 1772047069746. Current batch writes took: 0 ms. All writes so far took: 0 ms.
[2026-02-25T19:17:50]:INFO:FileSystem(data/alerts.csv): Done writing 0 entries, time 1772047070246. Current batch writes took: 0 ms. All writes so far took: 0 ms.
[2026-02-25T19:17:55]:INFO:FileSystem(data/scored_transactions.csv): Done writing 0 entries, time 1772047075246. Current batch writes took: 0 ms. All writes so far took: 0 ms.
[2026-02-25T19:17:55]:INFO:FileSystem(data/alerts.csv): Done writing 0 entries, time 1772047075246. Current batch writes took: 0 ms. All writes so far took: 0 ms.
[2026-02-25T19:18:00]:INFO:FileSystem(data/scored_transactions.csv): Done writing 0 entries, time 1772047080746. Current batch writes took: 0 ms. All writes so far took: 0 ms.
[2026-02-25T19:18:00]:INFO:FileSystem(data/alerts.csv): Done writing 0 entries, time 1772047080746. Current batch writes took: 0 ms. All writes so far took: 0 ms.
[2026-02-25T19:18:06]:INFO:FileSystem(data/scored_transactions.csv): Done writing 0 entries, time 1772047086246. Current batch writes took: 0 ms. All writes so far took: 0 ms.
[2026-02-25T19:18:06]:INFO:FileSystem(data/alerts.csv): Done writing 0 entries, time 1772047086246. Current batch writes took: 0 ms. All writes so far took: 0 ms.
[2026-02-25T19:18:11]:INFO:FileSystem(data/scored_transactions.csv): Done writing 0 entries, time 1772047091246. Current batch writes took: 0 ms. All writes so far took: 0 ms.
[2026-02-25T19:18:11]:INFO:FileSystem(data/alerts.csv): Done writing 0 entries, time 1772047091246. Current batch writes took: 0 ms. All writes so far took: 0 ms.
[2026-02-25T19:18:16]:INFO:FileSystem(data/scored_transactions.csv): Done writing 0 entries, time 1772047096746. Current batch writes took: 0 ms. All writes so far took: 0 ms.
[2026-02-25T19:18:16]:INFO:FileSystem(data/alerts.csv): Done writing 0 entries, time 1772047096746. Current batch writes took: 0 ms. All writes so far took: 0 ms.
[2026-02-25T19:18:21]:INFO:FileSystem(data/scored_transactions.csv): Done writing 0 entries, time 1772047101746. Current batch writes took: 0 ms. All writes so far took: 0 ms.
[2026-02-25T19:18:21]:INFO:FileSystem(data/alerts.csv): Done writing 0 entries, time 1772047101746. Current batch writes took: 0 ms. All writes so far took: 0 ms.
[2026-02-25T19:18:27]:INFO:FileSystem(data/alerts.csv): Done writing 0 entries, time 1772047107246. Current batch writes took: 0 ms. All writes so far took: 0 ms.
[2026-02-25T19:18:27]:INFO:FileSystem(data/scored_transactions.csv): Done writing 0 entries, time 1772047107246. Current batch writes took: 0 ms. All writes so far took: 0 ms.
[2026-02-25T19:18:32]:INFO:FileSystem(data/scored_transactions.csv): Done writing 0 entries, time 1772047112746. Current batch writes took: 0 ms. All writes so far took: 0 ms.
[2026-02-25T19:18:32]:INFO:FileSystem(data/alerts.csv): Done writing 0 entries, time 1772047112746. Current batch writes took: 0 ms. All writes so far took: 0 ms.
[2026-02-25T19:18:37]:INFO:FileSystem(data/scored_transactions.csv): Done writing 0 entries, time 1772047117746. Current batch writes took: 0 ms. All writes so far took: 0 ms.
[2026-02-25T19:18:37]:INFO:FileSystem(data/alerts.csv): Done writing 0 entries, time 1772047117746. Current batch writes took: 0 ms. All writes so far took: 0 ms.
[2026-02-25T19:18:42]:INFO:FileSystem(data/scored_transactions.csv): Done writing 0 entries, time 1772047122746. Current batch writes took: 0 ms. All writes so far took: 0 ms.
[2026-02-25T19:18:42]:INFO:FileSystem(data/alerts.csv): Done writing 0 entries, time 1772047122746. Current batch writes took: 0 ms. All writes so far took: 0 ms.
[2026-02-25T19:18:47]:INFO:FileSystem(data/scored_transactions.csv): Done writing 0 entries, time 1772047127746. Current batch writes took: 0 ms. All writes so far took: 0 ms.
[2026-02-25T19:18:47]:INFO:FileSystem(data/alerts.csv): Done writing 0 entries, time 1772047127746. Current batch writes took: 0 ms. All writes so far took: 0 ms.
[2026-02-25T19:18:53]:INFO:FileSystem(data/scored_transactions.csv): Done writing 0 entries, time 1772047133246. Current batch writes took: 0 ms. All writes so far took: 0 ms.
[2026-02-25T19:18:53]:INFO:FileSystem(data/alerts.csv): Done writing 0 entries, time 1772047133246. Current batch writes took: 0 ms. All writes so far took: 0 ms.
[2026-02-25T19:18:58]:INFO:FileSystem(data/alerts.csv): Done writing 0 entries, time 1772047138246. Current batch writes took: 0 ms. All writes so far took: 0 ms.
[2026-02-25T19:18:58]:INFO:FileSystem(data/scored_transactions.csv): Done writing 0 entries, time 1772047138246. Current batch writes took: 0 ms. All writes so far took: 0 ms.
[2026-02-25T19:19:03]:INFO:FileSystem(data/scored_transactions.csv): Done writing 0 entries, time 1772047143746. Current batch writes took: 0 ms. All writes so far took: 0 ms.
[2026-02-25T19:19:03]:INFO:FileSystem(data/alerts.csv): Done writing 0 entries, time 1772047143746. Current batch writes took: 0 ms. All writes so far took: 0 ms.
[2026-02-25T19:19:08]:INFO:FileSystem(data/scored_transactions.csv): Done writing 0 entries, time 1772047148746. Current batch writes took: 0 ms. All writes so far took: 0 ms.
[2026-02-25T19:19:08]:INFO:FileSystem(data/alerts.csv): Done writing 0 entries, time 1772047148746. Current batch writes took: 0 ms. All writes so far took: 0 ms.
[2026-02-25T19:19:14]:INFO:FileSystem(data/scored_transactions.csv): Done writing 0 entries, time 1772047154246. Current batch writes took: 0 ms. All writes so far took: 0 ms.
[2026-02-25T19:19:14]:INFO:FileSystem(data/alerts.csv): Done writing 0 entries, time 1772047154246. Current batch writes took: 0 ms. All writes so far took: 0 ms.
[2026-02-25T19:19:19]:INFO:FileSystem(data/scored_transactions.csv): Done writing 0 entries, time 1772047159246. Current batch writes took: 0 ms. All writes so far took: 0 ms.
[2026-02-25T19:19:19]:INFO:FileSystem(data/alerts.csv): Done writing 0 entries, time 1772047159246. Current batch writes took: 0 ms. All writes so far took: 0 ms.
[2026-02-25T19:19:24]:INFO:FileSystem(data/scored_transactions.csv): Done writing 0 entries, time 1772047164746. Current batch writes took: 0 ms. All writes so far took: 0 ms.
[2026-02-25T19:19:24]:INFO:FileSystem(data/alerts.csv): Done writing 0 entries, time 1772047164746. Current batch writes took: 0 ms. All writes so far took: 0 ms.
[2026-02-25T19:19:29]:INFO:FileSystem(data/scored_transactions.csv): Done writing 0 entries, time 1772047169746. Current batch writes took: 0 ms. All writes so far took: 0 ms.
[2026-02-25T19:19:29]:INFO:FileSystem(data/alerts.csv): Done writing 0 entries, time 1772047169746. Current batch writes took: 0 ms. All writes so far took: 0 ms.
[2026-02-25T19:19:35]:INFO:FileSystem(data/scored_transactions.csv): Done writing 0 entries, time 1772047175246. Current batch writes took: 0 ms. All writes so far took: 0 ms.
[2026-02-25T19:19:35]:INFO:FileSystem(data/alerts.csv): Done writing 0 entries, time 1772047175246. Current batch writes took: 0 ms. All writes so far took: 0 ms.
[2026-02-25T19:19:40]:INFO:FileSystem(data/scored_transactions.csv): Done writing 0 entries, time 1772047180246. Current batch writes took: 0 ms. All writes so far took: 0 ms.
[2026-02-25T19:19:40]:INFO:FileSystem(data/alerts.csv): Done writing 0 entries, time 1772047180246. Current batch writes took: 0 ms. All writes so far took: 0 ms.
[2026-02-25T19:19:45]:INFO:FileSystem(data/scored_transactions.csv): Done writing 0 entries, time 1772047185746. Current batch writes took: 0 ms. All writes so far took: 0 ms.
[2026-02-25T19:19:45]:INFO:FileSystem(data/alerts.csv): Done writing 0 entries, time 1772047185746. Current batch writes took: 0 ms. All writes so far took: 0 ms.
[2026-02-25T19:19:51]:INFO:FileSystem(data/scored_transactions.csv): Done writing 0 entries, time 1772047191246. Current batch writes took: 0 ms. All writes so far took: 0 ms.
[2026-02-25T19:19:51]:INFO:FileSystem(data/alerts.csv): Done writing 0 entries, time 1772047191246. Current batch writes took: 0 ms. All writes so far took: 0 ms.
[2026-02-25T19:19:56]:INFO:FileSystem(data/scored_transactions.csv): Done writing 0 entries, time 1772047196246. Current batch writes took: 0 ms. All writes so far took: 0 ms.
[2026-02-25T19:19:56]:INFO:FileSystem(data/alerts.csv): Done writing 0 entries, time 1772047196246. Current batch writes took: 0 ms. All writes so far took: 0 ms.
[2026-02-25T19:20:01]:INFO:FileSystem(data/scored_transactions.csv): Done writing 0 entries, time 1772047201746. Current batch writes took: 0 ms. All writes so far took: 0 ms.
[2026-02-25T19:20:01]:INFO:FileSystem(data/alerts.csv): Done writing 0 entries, time 1772047201746. Current batch writes took: 0 ms. All writes so far took: 0 ms.
[2026-02-25T19:20:07]:INFO:FileSystem(data/scored_transactions.csv): Done writing 0 entries, time 1772047207246. Current batch writes took: 0 ms. All writes so far took: 0 ms.
[2026-02-25T19:20:07]:INFO:FileSystem(data/alerts.csv): Done writing 0 entries, time 1772047207246. Current batch writes took: 0 ms. All writes so far took: 0 ms.
[2026-02-25T19:20:12]:INFO:FileSystem(data/scored_transactions.csv): Done writing 0 entries, time 1772047212246. Current batch writes took: 0 ms. All writes so far took: 0 ms.
[2026-02-25T19:20:12]:INFO:FileSystem(data/alerts.csv): Done writing 0 entries, time 1772047212246. Current batch writes took: 0 ms. All writes so far took: 0 ms.
[2026-02-25T19:20:17]:INFO:FileSystem(data/scored_transactions.csv): Done writing 0 entries, time 1772047217746. Current batch writes took: 0 ms. All writes so far took: 0 ms.
[2026-02-25T19:20:17]:INFO:FileSystem(data/alerts.csv): Done writing 0 entries, time 1772047217746. Current batch writes took: 0 ms. All writes so far took: 0 ms.
[2026-02-25T19:20:23]:INFO:FileSystem(data/scored_transactions.csv): Done writing 0 entries, time 1772047223246. Current batch writes took: 0 ms. All writes so far took: 0 ms.
[2026-02-25T19:20:23]:INFO:FileSystem(data/alerts.csv): Done writing 0 entries, time 1772047223246. Current batch writes took: 0 ms. All writes so far took: 0 ms.
[2026-02-25T19:20:28]:INFO:FileSystem(data/scored_transactions.csv): Done writing 0 entries, time 1772047228246. Current batch writes took: 0 ms. All writes so far took: 0 ms.
[2026-02-25T19:20:28]:INFO:FileSystem(data/alerts.csv): Done writing 0 entries, time 1772047228246. Current batch writes took: 0 ms. All writes so far took: 0 ms.
[2026-02-25T19:20:33]:INFO:FileSystem(data/scored_transactions.csv): Done writing 0 entries, time 1772047233746. Current batch writes took: 0 ms. All writes so far took: 0 ms.
[2026-02-25T19:20:33]:INFO:FileSystem(data/alerts.csv): Done writing 0 entries, time 1772047233746. Current batch writes took: 0 ms. All writes so far took: 0 ms.
[2026-02-25T19:20:38]:INFO:FileSystem(data/scored_transactions.csv): Done writing 0 entries, time 1772047238746. Current batch writes took: 0 ms. All writes so far took: 0 ms.
[2026-02-25T19:20:38]:INFO:FileSystem(data/alerts.csv): Done writing 0 entries, time 1772047238746. Current batch writes took: 0 ms. All writes so far took: 0 ms.
[2026-02-25T19:20:44]:INFO:FileSystem(data/scored_transactions.csv): Done writing 0 entries, time 1772047244246. Current batch writes took: 0 ms. All writes so far took: 0 ms.
[2026-02-25T19:20:44]:INFO:FileSystem(data/alerts.csv): Done writing 0 entries, time 1772047244246. Current batch writes took: 0 ms. All writes so far took: 0 ms.
[2026-02-25T19:20:49]:INFO:FileSystem(data/scored_transactions.csv): Done writing 0 entries, time 1772047249246. Current batch writes took: 0 ms. All writes so far took: 0 ms.
[2026-02-25T19:20:49]:INFO:FileSystem(data/alerts.csv): Done writing 0 entries, time 1772047249246. Current batch writes took: 0 ms. All writes so far took: 0 ms.
[2026-02-25T19:20:54]:INFO:FileSystem(data/scored_transactions.csv): Done writing 0 entries, time 1772047254746. Current batch writes took: 0 ms. All writes so far took: 0 ms.
[2026-02-25T19:20:54]:INFO:FileSystem(data/alerts.csv): Done writing 0 entries, time 1772047254746. Current batch writes took: 0 ms. All writes so far took: 0 ms.
[2026-02-25T19:20:59]:INFO:FileSystem(data/scored_transactions.csv): Done writing 0 entries, time 1772047259746. Current batch writes took: 0 ms. All writes so far took: 0 ms.
[2026-02-25T19:20:59]:INFO:FileSystem(data/alerts.csv): Done writing 0 entries, time 1772047259746. Current batch writes took: 0 ms. All writes so far took: 0 ms.
[2026-02-25T19:21:05]:INFO:FileSystem(data/scored_transactions.csv): Done writing 0 entries, time 1772047265246. Current batch writes took: 0 ms. All writes so far took: 0 ms.
[2026-02-25T19:21:05]:INFO:FileSystem(data/alerts.csv): Done writing 0 entries, time 1772047265246. Current batch writes took: 0 ms. All writes so far took: 0 ms.
[2026-02-25T19:21:10]:INFO:FileSystem(data/scored_transactions.csv): Done writing 0 entries, time 1772047270246. Current batch writes took: 0 ms. All writes so far took: 0 ms.
[2026-02-25T19:21:10]:INFO:FileSystem(data/alerts.csv): Done writing 0 entries, time 1772047270246. Current batch writes took: 0 ms. All writes so far took: 0 ms.
[2026-02-25T19:21:15]:INFO:FileSystem(data/scored_transactions.csv): Done writing 0 entries, time 1772047275746. Current batch writes took: 0 ms. All writes so far took: 0 ms.
[2026-02-25T19:21:15]:INFO:FileSystem(data/alerts.csv): Done writing 0 entries, time 1772047275746. Current batch writes took: 0 ms. All writes so far took: 0 ms.
[2026-02-25T19:21:21]:INFO:FileSystem(data/scored_transactions.csv): Done writing 0 entries, time 1772047281246. Current batch writes took: 0 ms. All writes so far took: 0 ms.
[2026-02-25T19:21:21]:INFO:FileSystem(data/alerts.csv): Done writing 0 entries, time 1772047281246. Current batch writes took: 0 ms. All writes so far took: 0 ms.
[2026-02-25T19:21:26]:INFO:FileSystem(data/scored_transactions.csv): Done writing 0 entries, time 1772047286746. Current batch writes took: 0 ms. All writes so far took: 0 ms.
[2026-02-25T19:21:26]:INFO:FileSystem(data/alerts.csv): Done writing 0 entries, time 1772047286746. Current batch writes took: 0 ms. All writes so far took: 0 ms.
[2026-02-25T19:21:31]:INFO:FileSystem(data/scored_transactions.csv): Done writing 0 entries, time 1772047291746. Current batch writes took: 0 ms. All writes so far took: 0 ms.
[2026-02-25T19:21:31]:INFO:FileSystem(data/alerts.csv): Done writing 0 entries, time 1772047291746. Current batch writes took: 0 ms. All writes so far took: 0 ms.
[2026-02-25T19:21:37]:INFO:FileSystem(data/scored_transactions.csv): Done writing 0 entries, time 1772047297246. Current batch writes took: 0 ms. All writes so far took: 0 ms.
[2026-02-25T19:21:37]:INFO:FileSystem(data/alerts.csv): Done writing 0 entries, time 1772047297246. Current batch writes took: 0 ms. All writes so far took: 0 ms.
[2026-02-25T19:21:42]:INFO:FileSystem(data/scored_transactions.csv): Done writing 0 entries, time 1772047302246. Current batch writes took: 0 ms. All writes so far took: 0 ms.
[2026-02-25T19:21:42]:INFO:FileSystem(data/alerts.csv): Done writing 0 entries, time 1772047302246. Current batch writes took: 0 ms. All writes so far took: 0 ms.
[2026-02-25T19:21:47]:INFO:FileSystem(data/scored_transactions.csv): Done writing 0 entries, time 1772047307746. Current batch writes took: 0 ms. All writes so far took: 0 ms.
[2026-02-25T19:21:47]:INFO:FileSystem(data/alerts.csv): Done writing 0 entries, time 1772047307746. Current batch writes took: 0 ms. All writes so far took: 0 ms.
[2026-02-25T19:21:53]:INFO:FileSystem(data/scored_transactions.csv): Done writing 0 entries, time 1772047313246. Current batch writes took: 0 ms. All writes so far took: 0 ms.
[2026-02-25T19:21:53]:INFO:FileSystem(data/alerts.csv): Done writing 0 entries, time 1772047313246. Current batch writes took: 0 ms. All writes so far took: 0 ms.
[2026-02-25T19:21:58]:INFO:FileSystem(data/scored_transactions.csv): Done writing 0 entries, time 1772047318246. Current batch writes took: 0 ms. All writes so far took: 0 ms.
[2026-02-25T19:21:58]:INFO:FileSystem(data/alerts.csv): Done writing 0 entries, time 1772047318246. Current batch writes took: 0 ms. All writes so far took: 0 ms.
[2026-02-25T19:22:03]:INFO:FileSystem(data/scored_transactions.csv): Done writing 0 entries, time 1772047323746. Current batch writes took: 0 ms. All writes so far took: 0 ms.
[2026-02-25T19:22:03]:INFO:FileSystem(data/alerts.csv): Done writing 0 entries, time 1772047323746. Current batch writes took: 0 ms. All writes so far took: 0 ms.
[2026-02-25T19:22:08]:INFO:FileSystem(data/scored_transactions.csv): Done writing 0 entries, time 1772047328746. Current batch writes took: 0 ms. All writes so far took: 0 ms.
[2026-02-25T19:22:08]:INFO:FileSystem(data/alerts.csv): Done writing 0 entries, time 1772047328746. Current batch writes took: 0 ms. All writes so far took: 0 ms.
[2026-02-25T19:22:14]:INFO:FileSystem(data/scored_transactions.csv): Done writing 0 entries, time 1772047334246. Current batch writes took: 0 ms. All writes so far took: 0 ms.
[2026-02-25T19:22:14]:INFO:FileSystem(data/alerts.csv): Done writing 0 entries, time 1772047334246. Current batch writes took: 0 ms. All writes so far took: 0 ms.
[2026-02-25T19:22:19]:INFO:FileSystem(data/scored_transactions.csv): Done writing 0 entries, time 1772047339246. Current batch writes took: 0 ms. All writes so far took: 0 ms.
[2026-02-25T19:22:19]:INFO:FileSystem(data/alerts.csv): Done writing 0 entries, time 1772047339246. Current batch writes took: 0 ms. All writes so far took: 0 ms.
[2026-02-25T19:22:24]:INFO:FileSystem(data/scored_transactions.csv): Done writing 0 entries, time 1772047344746. Current batch writes took: 0 ms. All writes so far took: 0 ms.
[2026-02-25T19:22:24]:INFO:FileSystem(data/alerts.csv): Done writing 0 entries, time 1772047344746. Current batch writes took: 0 ms. All writes so far took: 0 ms.
[2026-02-25T19:22:29]:INFO:FileSystem(data/scored_transactions.csv): Done writing 0 entries, time 1772047349746. Current batch writes took: 0 ms. All writes so far took: 0 ms.
[2026-02-25T19:22:29]:INFO:FileSystem(data/alerts.csv): Done writing 0 entries, time 1772047349746. Current batch writes took: 0 ms. All writes so far took: 0 ms.
[2026-02-25T19:22:35]:INFO:FileSystem(data/scored_transactions.csv): Done writing 0 entries, time 1772047355246. Current batch writes took: 0 ms. All writes so far took: 0 ms.
[2026-02-25T19:22:35]:INFO:FileSystem(data/alerts.csv): Done writing 0 entries, time 1772047355246. Current batch writes took: 0 ms. All writes so far took: 0 ms.
[2026-02-25T19:22:40]:INFO:FileSystem(data/scored_transactions.csv): Done writing 0 entries, time 1772047360246. Current batch writes took: 0 ms. All writes so far took: 0 ms.
[2026-02-25T19:22:40]:INFO:FileSystem(data/alerts.csv): Done writing 0 entries, time 1772047360246. Current batch writes took: 0 ms. All writes so far took: 0 ms.
[2026-02-25T19:22:45]:INFO:FileSystem(data/scored_transactions.csv): Done writing 0 entries, time 1772047365746. Current batch writes took: 0 ms. All writes so far took: 0 ms.
[2026-02-25T19:22:45]:INFO:FileSystem(data/alerts.csv): Done writing 0 entries, time 1772047365746. Current batch writes took: 0 ms. All writes so far took: 0 ms.
[2026-02-25T19:22:51]:INFO:FileSystem(data/scored_transactions.csv): Done writing 0 entries, time 1772047371246. Current batch writes took: 0 ms. All writes so far took: 0 ms.
[2026-02-25T19:22:51]:INFO:FileSystem(data/alerts.csv): Done writing 0 entries, time 1772047371246. Current batch writes took: 0 ms. All writes so far took: 0 ms.
[2026-02-25T19:22:56]:INFO:FileSystem(data/scored_transactions.csv): Done writing 0 entries, time 1772047376246. Current batch writes took: 0 ms. All writes so far took: 0 ms.
[2026-02-25T19:22:56]:INFO:FileSystem(data/alerts.csv): Done writing 0 entries, time 1772047376246. Current batch writes took: 0 ms. All writes so far took: 0 ms.
[2026-02-25T19:23:01]:INFO:FileSystem(data/scored_transactions.csv): Done writing 0 entries, time 1772047381746. Current batch writes took: 0 ms. All writes so far took: 0 ms.
[2026-02-25T19:23:01]:INFO:FileSystem(data/alerts.csv): Done writing 0 entries, time 1772047381746. Current batch writes took: 0 ms. All writes so far took: 0 ms.
[2026-02-25T19:23:07]:INFO:FileSystem(data/scored_transactions.csv): Done writing 0 entries, time 1772047387246. Current batch writes took: 0 ms. All writes so far took: 0 ms.
[2026-02-25T19:23:07]:INFO:FileSystem(data/alerts.csv): Done writing 0 entries, time 1772047387246. Current batch writes took: 0 ms. All writes so far took: 0 ms.
[2026-02-25T19:23:12]:INFO:FileSystem(data/scored_transactions.csv): Done writing 0 entries, time 1772047392246. Current batch writes took: 0 ms. All writes so far took: 0 ms.
[2026-02-25T19:23:12]:INFO:FileSystem(data/alerts.csv): Done writing 0 entries, time 1772047392246. Current batch writes took: 0 ms. All writes so far took: 0 ms.
[2026-02-25T19:23:17]:INFO:FileSystem(data/scored_transactions.csv): Done writing 0 entries, time 1772047397246. Current batch writes took: 0 ms. All writes so far took: 0 ms.
[2026-02-25T19:23:17]:INFO:FileSystem(data/alerts.csv): Done writing 0 entries, time 1772047397246. Current batch writes took: 0 ms. All writes so far took: 0 ms.
[2026-02-25T19:23:22]:INFO:FileSystem(data/scored_transactions.csv): Done writing 0 entries, time 1772047402746. Current batch writes took: 0 ms. All writes so far took: 0 ms.
[2026-02-25T19:23:22]:INFO:FileSystem(data/alerts.csv): Done writing 0 entries, time 1772047402746. Current batch writes took: 0 ms. All writes so far took: 0 ms.
[2026-02-25T19:23:28]:INFO:FileSystem(data/scored_transactions.csv): Done writing 0 entries, time 1772047408246. Current batch writes took: 0 ms. All writes so far took: 0 ms.
[2026-02-25T19:23:28]:INFO:FileSystem(data/alerts.csv): Done writing 0 entries, time 1772047408246. Current batch writes took: 0 ms. All writes so far took: 0 ms.
[2026-02-25T19:23:33]:INFO:FileSystem(data/scored_transactions.csv): Done writing 0 entries, time 1772047413746. Current batch writes took: 0 ms. All writes so far took: 0 ms.
[2026-02-25T19:23:33]:INFO:FileSystem(data/alerts.csv): Done writing 0 entries, time 1772047413746. Current batch writes took: 0 ms. All writes so far took: 0 ms.
[2026-02-25T19:23:38]:INFO:FileSystem(data/scored_transactions.csv): Done writing 0 entries, time 1772047418746. Current batch writes took: 0 ms. All writes so far took: 0 ms.
[2026-02-25T19:23:38]:INFO:FileSystem(data/alerts.csv): Done writing 0 entries, time 1772047418746. Current batch writes took: 0 ms. All writes so far took: 0 ms.
[2026-02-25T19:23:44]:INFO:FileSystem(data/scored_transactions.csv): Done writing 0 entries, time 1772047424246. Current batch writes took: 0 ms. All writes so far took: 0 ms.
[2026-02-25T19:23:44]:INFO:FileSystem(data/alerts.csv): Done writing 0 entries, time 1772047424246. Current batch writes took: 0 ms. All writes so far took: 0 ms.
[2026-02-25T19:23:49]:INFO:FileSystem(data/scored_transactions.csv): Done writing 0 entries, time 1772047429246. Current batch writes took: 0 ms. All writes so far took: 0 ms.
[2026-02-25T19:23:49]:INFO:FileSystem(data/alerts.csv): Done writing 0 entries, time 1772047429246. Current batch writes took: 0 ms. All writes so far took: 0 ms.
[2026-02-25T19:23:54]:INFO:FileSystem(data/scored_transactions.csv): Done writing 0 entries, time 1772047434746. Current batch writes took: 0 ms. All writes so far took: 0 ms.
[2026-02-25T19:23:54]:INFO:FileSystem(data/alerts.csv): Done writing 0 entries, time 1772047434746. Current batch writes took: 0 ms. All writes so far took: 0 ms.
[2026-02-25T19:23:59]:INFO:FileSystem(data/alerts.csv): Done writing 0 entries, time 1772047439746. Current batch writes took: 0 ms. All writes so far took: 0 ms.
[2026-02-25T19:23:59]:INFO:FileSystem(data/scored_transactions.csv): Done writing 0 entries, time 1772047439746. Current batch writes took: 0 ms. All writes so far took: 0 ms.
[2026-02-25T19:24:05]:INFO:FileSystem(data/scored_transactions.csv): Done writing 0 entries, time 1772047445246. Current batch writes took: 0 ms. All writes so far took: 0 ms.
[2026-02-25T19:24:05]:INFO:FileSystem(data/alerts.csv): Done writing 0 entries, time 1772047445246. Current batch writes took: 0 ms. All writes so far took: 0 ms.
[2026-02-25T19:24:10]:INFO:FileSystem(data/scored_transactions.csv): Done writing 0 entries, time 1772047450746. Current batch writes took: 0 ms. All writes so far took: 0 ms.
[2026-02-25T19:24:10]:INFO:FileSystem(data/alerts.csv): Done writing 0 entries, time 1772047450746. Current batch writes took: 0 ms. All writes so far took: 0 ms.
[2026-02-25T19:24:16]:INFO:FileSystem(data/scored_transactions.csv): Done writing 0 entries, time 1772047456246. Current batch writes took: 0 ms. All writes so far took: 0 ms.
[2026-02-25T19:24:16]:INFO:FileSystem(data/alerts.csv): Done writing 0 entries, time 1772047456246. Current batch writes took: 0 ms. All writes so far took: 0 ms.
[2026-02-25T19:24:21]:INFO:FileSystem(data/scored_transactions.csv): Done writing 0 entries, time 1772047461246. Current batch writes took: 0 ms. All writes so far took: 0 ms.
[2026-02-25T19:24:21]:INFO:FileSystem(data/alerts.csv): Done writing 0 entries, time 1772047461246. Current batch writes took: 0 ms. All writes so far took: 0 ms.
[2026-02-25T19:24:26]:INFO:FileSystem(data/scored_transactions.csv): Done writing 0 entries, time 1772047466246. Current batch writes took: 0 ms. All writes so far took: 0 ms.
[2026-02-25T19:24:26]:INFO:FileSystem(data/alerts.csv): Done writing 0 entries, time 1772047466246. Current batch writes took: 0 ms. All writes so far took: 0 ms.
[2026-02-25T19:24:31]:INFO:FileSystem(data/scored_transactions.csv): Done writing 0 entries, time 1772047471746. Current batch writes took: 0 ms. All writes so far took: 0 ms.
[2026-02-25T19:24:31]:INFO:FileSystem(data/alerts.csv): Done writing 0 entries, time 1772047471746. Current batch writes took: 0 ms. All writes so far took: 0 ms.
[2026-02-25T19:24:37]:INFO:FileSystem(data/scored_transactions.csv): Done writing 0 entries, time 1772047477246. Current batch writes took: 0 ms. All writes so far took: 0 ms.
[2026-02-25T19:24:37]:INFO:FileSystem(data/alerts.csv): Done writing 0 entries, time 1772047477246. Current batch writes took: 0 ms. All writes so far took: 0 ms.
[2026-02-25T19:24:42]:INFO:FileSystem(data/scored_transactions.csv): Done writing 0 entries, time 1772047482246. Current batch writes took: 0 ms. All writes so far took: 0 ms.
[2026-02-25T19:24:42]:INFO:FileSystem(data/alerts.csv): Done writing 0 entries, time 1772047482246. Current batch writes took: 0 ms. All writes so far took: 0 ms.
[2026-02-25T19:24:47]:INFO:FileSystem(data/scored_transactions.csv): Done writing 0 entries, time 1772047487746. Current batch writes took: 0 ms. All writes so far took: 0 ms.
[2026-02-25T19:24:47]:INFO:FileSystem(data/alerts.csv): Done writing 0 entries, time 1772047487746. Current batch writes took: 0 ms. All writes so far took: 0 ms.
[2026-02-25T19:24:53]:INFO:FileSystem(data/scored_transactions.csv): Done writing 0 entries, time 1772047493246. Current batch writes took: 0 ms. All writes so far took: 0 ms.
[2026-02-25T19:24:53]:INFO:FileSystem(data/alerts.csv): Done writing 0 entries, time 1772047493246. Current batch writes took: 0 ms. All writes so far took: 0 ms.
[2026-02-25T19:24:58]:INFO:FileSystem(data/scored_transactions.csv): Done writing 0 entries, time 1772047498246. Current batch writes took: 0 ms. All writes so far took: 0 ms.
[2026-02-25T19:24:58]:INFO:FileSystem(data/alerts.csv): Done writing 0 entries, time 1772047498246. Current batch writes took: 0 ms. All writes so far took: 0 ms.
[2026-02-25T19:25:03]:INFO:FileSystem(data/scored_transactions.csv): Done writing 0 entries, time 1772047503746. Current batch writes took: 0 ms. All writes so far took: 0 ms.
[2026-02-25T19:25:03]:INFO:FileSystem(data/alerts.csv): Done writing 0 entries, time 1772047503746. Current batch writes took: 0 ms. All writes so far took: 0 ms.
[2026-02-25T19:25:09]:INFO:FileSystem(data/scored_transactions.csv): Done writing 0 entries, time 1772047509246. Current batch writes took: 0 ms. All writes so far took: 0 ms.
[2026-02-25T19:25:09]:INFO:FileSystem(data/alerts.csv): Done writing 0 entries, time 1772047509246. Current batch writes took: 0 ms. All writes so far took: 0 ms.
[2026-02-25T19:25:14]:INFO:FileSystem(data/scored_transactions.csv): Done writing 0 entries, time 1772047514746. Current batch writes took: 0 ms. All writes so far took: 0 ms.
[2026-02-25T19:25:14]:INFO:FileSystem(data/alerts.csv): Done writing 0 entries, time 1772047514746. Current batch writes took: 0 ms. All writes so far took: 0 ms.
[2026-02-25T19:25:19]:INFO:FileSystem(data/scored_transactions.csv): Done writing 0 entries, time 1772047519746. Current batch writes took: 0 ms. All writes so far took: 0 ms.
[2026-02-25T19:25:19]:INFO:FileSystem(data/alerts.csv): Done writing 0 entries, time 1772047519746. Current batch writes took: 0 ms. All writes so far took: 0 ms.
[2026-02-25T19:25:25]:INFO:FileSystem(data/scored_transactions.csv): Done writing 0 entries, time 1772047525246. Current batch writes took: 0 ms. All writes so far took: 0 ms.
[2026-02-25T19:25:25]:INFO:FileSystem(data/alerts.csv): Done writing 0 entries, time 1772047525246. Current batch writes took: 0 ms. All writes so far took: 0 ms.
[2026-02-25T19:25:30]:INFO:FileSystem(data/scored_transactions.csv): Done writing 0 entries, time 1772047530246. Current batch writes took: 0 ms. All writes so far took: 0 ms.
[2026-02-25T19:25:30]:INFO:FileSystem(data/alerts.csv): Done writing 0 entries, time 1772047530246. Current batch writes took: 0 ms. All writes so far took: 0 ms.
[2026-02-25T19:25:35]:INFO:FileSystem(data/scored_transactions.csv): Done writing 0 entries, time 1772047535746. Current batch writes took: 0 ms. All writes so far took: 0 ms.
[2026-02-25T19:25:35]:INFO:FileSystem(data/alerts.csv): Done writing 0 entries, time 1772047535746. Current batch writes took: 0 ms. All writes so far took: 0 ms.
[2026-02-25T19:25:40]:INFO:FileSystem(data/scored_transactions.csv): Done writing 0 entries, time 1772047540746. Current batch writes took: 0 ms. All writes so far took: 0 ms.
[2026-02-25T19:25:40]:INFO:FileSystem(data/alerts.csv): Done writing 0 entries, time 1772047540746. Current batch writes took: 0 ms. All writes so far took: 0 ms.
[2026-02-25T19:25:46]:INFO:FileSystem(data/scored_transactions.csv): Done writing 0 entries, time 1772047546246. Current batch writes took: 0 ms. All writes so far took: 0 ms.
[2026-02-25T19:25:46]:INFO:FileSystem(data/alerts.csv): Done writing 0 entries, time 1772047546246. Current batch writes took: 0 ms. All writes so far took: 0 ms.
[2026-02-25T19:25:51]:INFO:FileSystem(data/scored_transactions.csv): Done writing 0 entries, time 1772047551746. Current batch writes took: 0 ms. All writes so far took: 0 ms.
[2026-02-25T19:25:51]:INFO:FileSystem(data/alerts.csv): Done writing 0 entries, time 1772047551746. Current batch writes took: 0 ms. All writes so far took: 0 ms.
[2026-02-25T19:25:56]:INFO:FileSystem(data/scored_transactions.csv): Done writing 0 entries, time 1772047556746. Current batch writes took: 0 ms. All writes so far took: 0 ms.
[2026-02-25T19:25:56]:INFO:FileSystem(data/alerts.csv): Done writing 0 entries, time 1772047556746. Current batch writes took: 0 ms. All writes so far took: 0 ms.
[2026-02-25T19:26:01]:INFO:FileSystem(data/scored_transactions.csv): Done writing 0 entries, time 1772047561746. Current batch writes took: 0 ms. All writes so far took: 0 ms.
[2026-02-25T19:26:01]:INFO:FileSystem(data/alerts.csv): Done writing 0 entries, time 1772047561746. Current batch writes took: 0 ms. All writes so far took: 0 ms.
[2026-02-25T19:26:07]:INFO:FileSystem(data/scored_transactions.csv): Done writing 0 entries, time 1772047567246. Current batch writes took: 0 ms. All writes so far took: 0 ms.
[2026-02-25T19:26:07]:INFO:FileSystem(data/alerts.csv): Done writing 0 entries, time 1772047567246. Current batch writes took: 0 ms. All writes so far took: 0 ms.
[2026-02-25T19:26:12]:INFO:FileSystem(data/scored_transactions.csv): Done writing 0 entries, time 1772047572246. Current batch writes took: 0 ms. All writes so far took: 0 ms.
[2026-02-25T19:26:12]:INFO:FileSystem(data/alerts.csv): Done writing 0 entries, time 1772047572246. Current batch writes took: 0 ms. All writes so far took: 0 ms.
[2026-02-25T19:26:17]:INFO:FileSystem(data/scored_transactions.csv): Done writing 0 entries, time 1772047577746. Current batch writes took: 0 ms. All writes so far took: 0 ms.
[2026-02-25T19:26:17]:INFO:FileSystem(data/alerts.csv): Done writing 0 entries, time 1772047577746. Current batch writes took: 0 ms. All writes so far took: 0 ms.
[2026-02-25T19:26:22]:INFO:FileSystem(data/alerts.csv): Done writing 0 entries, time 1772047582746. Current batch writes took: 0 ms. All writes so far took: 0 ms.
[2026-02-25T19:26:22]:INFO:FileSystem(data/scored_transactions.csv): Done writing 0 entries, time 1772047582746. Current batch writes took: 0 ms. All writes so far took: 0 ms.
[2026-02-25T19:26:28]:INFO:FileSystem(data/scored_transactions.csv): Done writing 0 entries, time 1772047588246. Current batch writes took: 0 ms. All writes so far took: 0 ms.
[2026-02-25T19:26:28]:INFO:FileSystem(data/alerts.csv): Done writing 0 entries, time 1772047588246. Current batch writes took: 0 ms. All writes so far took: 0 ms.
[2026-02-25T19:26:33]:INFO:FileSystem(data/scored_transactions.csv): Done writing 0 entries, time 1772047593746. Current batch writes took: 0 ms. All writes so far took: 0 ms.
[2026-02-25T19:26:33]:INFO:FileSystem(data/alerts.csv): Done writing 0 entries, time 1772047593746. Current batch writes took: 0 ms. All writes so far took: 0 ms.
[2026-02-25T19:26:38]:INFO:FileSystem(data/scored_transactions.csv): Done writing 0 entries, time 1772047598746. Current batch writes took: 0 ms. All writes so far took: 0 ms.
[2026-02-25T19:26:38]:INFO:FileSystem(data/alerts.csv): Done writing 0 entries, time 1772047598746. Current batch writes took: 0 ms. All writes so far took: 0 ms.
[2026-02-25T19:26:43]:INFO:FileSystem(data/scored_transactions.csv): Done writing 0 entries, time 1772047603746. Current batch writes took: 0 ms. All writes so far took: 0 ms.
[2026-02-25T19:26:43]:INFO:FileSystem(data/alerts.csv): Done writing 0 entries, time 1772047603746. Current batch writes took: 0 ms. All writes so far took: 0 ms.
[2026-02-25T19:26:49]:INFO:FileSystem(data/scored_transactions.csv): Done writing 0 entries, time 1772047609246. Current batch writes took: 0 ms. All writes so far took: 0 ms.
[2026-02-25T19:26:49]:INFO:FileSystem(data/alerts.csv): Done writing 0 entries, time 1772047609246. Current batch writes took: 0 ms. All writes so far took: 0 ms.
[2026-02-25T19:26:54]:INFO:FileSystem(data/scored_transactions.csv): Done writing 0 entries, time 1772047614746. Current batch writes took: 0 ms. All writes so far took: 0 ms.
[2026-02-25T19:26:54]:INFO:FileSystem(data/alerts.csv): Done writing 0 entries, time 1772047614746. Current batch writes took: 0 ms. All writes so far took: 0 ms.
[2026-02-25T19:26:59]:INFO:FileSystem(data/scored_transactions.csv): Done writing 0 entries, time 1772047619746. Current batch writes took: 0 ms. All writes so far took: 0 ms.
[2026-02-25T19:26:59]:INFO:FileSystem(data/alerts.csv): Done writing 0 entries, time 1772047619746. Current batch writes took: 0 ms. All writes so far took: 0 ms.
[2026-02-25T19:27:05]:INFO:FileSystem(data/scored_transactions.csv): Done writing 0 entries, time 1772047625246. Current batch writes took: 0 ms. All writes so far took: 0 ms.
[2026-02-25T19:27:05]:INFO:FileSystem(data/alerts.csv): Done writing 0 entries, time 1772047625246. Current batch writes took: 0 ms. All writes so far took: 0 ms.
[2026-02-25T19:27:10]:INFO:FileSystem(data/scored_transactions.csv): Done writing 0 entries, time 1772047630746. Current batch writes took: 0 ms. All writes so far took: 0 ms.
[2026-02-25T19:27:10]:INFO:FileSystem(data/alerts.csv): Done writing 0 entries, time 1772047630746. Current batch writes took: 0 ms. All writes so far took: 0 ms.
[2026-02-25T19:27:15]:INFO:FileSystem(data/scored_transactions.csv): Done writing 0 entries, time 1772047635746. Current batch writes took: 0 ms. All writes so far took: 0 ms.
[2026-02-25T19:27:15]:INFO:FileSystem(data/alerts.csv): Done writing 0 entries, time 1772047635746. Current batch writes took: 0 ms. All writes so far took: 0 ms.
[2026-02-25T19:27:21]:INFO:FileSystem(data/scored_transactions.csv): Done writing 0 entries, time 1772047641246. Current batch writes took: 0 ms. All writes so far took: 0 ms.
[2026-02-25T19:27:21]:INFO:FileSystem(data/alerts.csv): Done writing 0 entries, time 1772047641246. Current batch writes took: 0 ms. All writes so far took: 0 ms.
[2026-02-25T19:27:26]:INFO:FileSystem(data/scored_transactions.csv): Done writing 0 entries, time 1772047646746. Current batch writes took: 0 ms. All writes so far took: 0 ms.
[2026-02-25T19:27:26]:INFO:FileSystem(data/alerts.csv): Done writing 0 entries, time 1772047646746. Current batch writes took: 0 ms. All writes so far took: 0 ms.
[2026-02-25T19:27:31]:INFO:FileSystem(data/scored_transactions.csv): Done writing 0 entries, time 1772047651746. Current batch writes took: 0 ms. All writes so far took: 0 ms.
[2026-02-25T19:27:31]:INFO:FileSystem(data/alerts.csv): Done writing 0 entries, time 1772047651746. Current batch writes took: 0 ms. All writes so far took: 0 ms.
[2026-02-25T19:27:37]:INFO:FileSystem(data/scored_transactions.csv): Done writing 0 entries, time 1772047657246. Current batch writes took: 0 ms. All writes so far took: 0 ms.
[2026-02-25T19:27:37]:INFO:FileSystem(data/alerts.csv): Done writing 0 entries, time 1772047657246. Current batch writes took: 0 ms. All writes so far took: 0 ms.
[2026-02-25T19:27:42]:INFO:FileSystem(data/scored_transactions.csv): Done writing 0 entries, time 1772047662246. Current batch writes took: 0 ms. All writes so far took: 0 ms.
[2026-02-25T19:27:42]:INFO:FileSystem(data/alerts.csv): Done writing 0 entries, time 1772047662246. Current batch writes took: 0 ms. All writes so far took: 0 ms.
[2026-02-25T19:27:47]:INFO:FileSystem(data/scored_transactions.csv): Done writing 0 entries, time 1772047667746. Current batch writes took: 0 ms. All writes so far took: 0 ms.
[2026-02-25T19:27:47]:INFO:FileSystem(data/alerts.csv): Done writing 0 entries, time 1772047667746. Current batch writes took: 0 ms. All writes so far took: 0 ms.
[2026-02-25T19:27:52]:INFO:FileSystem(data/scored_transactions.csv): Done writing 0 entries, time 1772047672746. Current batch writes took: 0 ms. All writes so far took: 0 ms.
[2026-02-25T19:27:53]:INFO:FileSystem(data/alerts.csv): Done writing 0 entries, time 1772047673246. Current batch writes took: 0 ms. All writes so far took: 0 ms.
[2026-02-25T19:27:58]:INFO:FileSystem(data/scored_transactions.csv): Done writing 0 entries, time 1772047678246. Current batch writes took: 0 ms. All writes so far took: 0 ms.
[2026-02-25T19:27:58]:INFO:FileSystem(data/alerts.csv): Done writing 0 entries, time 1772047678246. Current batch writes took: 0 ms. All writes so far took: 0 ms.
[2026-02-25T19:28:03]:INFO:FileSystem(data/scored_transactions.csv): Done writing 0 entries, time 1772047683746. Current batch writes took: 0 ms. All writes so far took: 0 ms.
[2026-02-25T19:28:03]:INFO:FileSystem(data/alerts.csv): Done writing 0 entries, time 1772047683746. Current batch writes took: 0 ms. All writes so far took: 0 ms.
[2026-02-25T19:28:09]:INFO:FileSystem(data/scored_transactions.csv): Done writing 0 entries, time 1772047689246. Current batch writes took: 0 ms. All writes so far took: 0 ms.
[2026-02-25T19:28:09]:INFO:FileSystem(data/alerts.csv): Done writing 0 entries, time 1772047689246. Current batch writes took: 0 ms. All writes so far took: 0 ms.
[2026-02-25T19:28:14]:INFO:FileSystem(data/scored_transactions.csv): Done writing 0 entries, time 1772047694746. Current batch writes took: 0 ms. All writes so far took: 0 ms.
[2026-02-25T19:28:14]:INFO:FileSystem(data/alerts.csv): Done writing 0 entries, time 1772047694746. Current batch writes took: 0 ms. All writes so far took: 0 ms.
[2026-02-25T19:28:19]:INFO:FileSystem(data/scored_transactions.csv): Done writing 0 entries, time 1772047699746. Current batch writes took: 0 ms. All writes so far took: 0 ms.
[2026-02-25T19:28:19]:INFO:FileSystem(data/alerts.csv): Done writing 0 entries, time 1772047699746. Current batch writes took: 0 ms. All writes so far took: 0 ms.
[2026-02-25T19:28:25]:INFO:FileSystem(data/scored_transactions.csv): Done writing 0 entries, time 1772047705246. Current batch writes took: 0 ms. All writes so far took: 0 ms.
[2026-02-25T19:28:25]:INFO:FileSystem(data/alerts.csv): Done writing 0 entries, time 1772047705246. Current batch writes took: 0 ms. All writes so far took: 0 ms.
[2026-02-25T19:28:30]:INFO:FileSystem(data/scored_transactions.csv): Done writing 0 entries, time 1772047710246. Current batch writes took: 0 ms. All writes so far took: 0 ms.
[2026-02-25T19:28:30]:INFO:FileSystem(data/alerts.csv): Done writing 0 entries, time 1772047710246. Current batch writes took: 0 ms. All writes so far took: 0 ms.
[2026-02-25T19:28:35]:INFO:FileSystem(data/scored_transactions.csv): Done writing 0 entries, time 1772047715746. Current batch writes took: 0 ms. All writes so far took: 0 ms.
[2026-02-25T19:28:35]:INFO:FileSystem(data/alerts.csv): Done writing 0 entries, time 1772047715746. Current batch writes took: 0 ms. All writes so far took: 0 ms.
[2026-02-25T19:28:41]:INFO:FileSystem(data/scored_transactions.csv): Done writing 0 entries, time 1772047721246. Current batch writes took: 0 ms. All writes so far took: 0 ms.
[2026-02-25T19:28:41]:INFO:FileSystem(data/alerts.csv): Done writing 0 entries, time 1772047721246. Current batch writes took: 0 ms. All writes so far took: 0 ms.
[2026-02-25T19:28:46]:INFO:FileSystem(data/scored_transactions.csv): Done writing 0 entries, time 1772047726746. Current batch writes took: 0 ms. All writes so far took: 0 ms.
[2026-02-25T19:28:46]:INFO:FileSystem(data/alerts.csv): Done writing 0 entries, time 1772047726746. Current batch writes took: 0 ms. All writes so far took: 0 ms.
[2026-02-25T19:28:52]:INFO:FileSystem(data/scored_transactions.csv): Done writing 0 entries, time 1772047732246. Current batch writes took: 0 ms. All writes so far took: 0 ms.
[2026-02-25T19:28:52]:INFO:FileSystem(data/alerts.csv): Done writing 0 entries, time 1772047732246. Current batch writes took: 0 ms. All writes so far took: 0 ms.
[2026-02-25T19:28:57]:INFO:FileSystem(data/alerts.csv): Done writing 0 entries, time 1772047737746. Current batch writes took: 0 ms. All writes so far took: 0 ms.
[2026-02-25T19:28:57]:INFO:FileSystem(data/scored_transactions.csv): Done writing 0 entries, time 1772047737746. Current batch writes took: 0 ms. All writes so far took: 0 ms.
[2026-02-25T19:29:02]:INFO:FileSystem(data/scored_transactions.csv): Done writing 0 entries, time 1772047742746. Current batch writes took: 0 ms. All writes so far took: 0 ms.
[2026-02-25T19:29:02]:INFO:FileSystem(data/alerts.csv): Done writing 0 entries, time 1772047742746. Current batch writes took: 0 ms. All writes so far took: 0 ms.
[2026-02-25T19:29:07]:INFO:FileSystem(data/scored_transactions.csv): Done writing 0 entries, time 1772047747746. Current batch writes took: 0 ms. All writes so far took: 0 ms.
[2026-02-25T19:29:07]:INFO:FileSystem(data/alerts.csv): Done writing 0 entries, time 1772047747746. Current batch writes took: 0 ms. All writes so far took: 0 ms.
[2026-02-25T19:29:13]:INFO:FileSystem(data/scored_transactions.csv): Done writing 0 entries, time 1772047753246. Current batch writes took: 0 ms. All writes so far took: 0 ms.
[2026-02-25T19:29:13]:INFO:FileSystem(data/alerts.csv): Done writing 0 entries, time 1772047753246. Current batch writes took: 0 ms. All writes so far took: 0 ms.
[2026-02-25T19:29:18]:INFO:FileSystem(data/alerts.csv): Done writing 0 entries, time 1772047758746. Current batch writes took: 0 ms. All writes so far took: 0 ms.
[2026-02-25T19:29:18]:INFO:FileSystem(data/scored_transactions.csv): Done writing 0 entries, time 1772047758746. Current batch writes took: 0 ms. All writes so far took: 0 ms.
[2026-02-25T19:29:23]:INFO:FileSystem(data/scored_transactions.csv): Done writing 0 entries, time 1772047763746. Current batch writes took: 0 ms. All writes so far took: 0 ms.
[2026-02-25T19:29:23]:INFO:FileSystem(data/alerts.csv): Done writing 0 entries, time 1772047763746. Current batch writes took: 0 ms. All writes so far took: 0 ms.
[2026-02-25T19:29:28]:INFO:FileSystem(data/scored_transactions.csv): Done writing 0 entries, time 1772047768746. Current batch writes took: 0 ms. All writes so far took: 0 ms.
[2026-02-25T19:29:28]:INFO:FileSystem(data/alerts.csv): Done writing 0 entries, time 1772047768746. Current batch writes took: 0 ms. All writes so far took: 0 ms.
[2026-02-25T19:29:34]:INFO:FileSystem(data/scored_transactions.csv): Done writing 0 entries, time 1772047774246. Current batch writes took: 0 ms. All writes so far took: 0 ms.
[2026-02-25T19:29:34]:INFO:FileSystem(data/alerts.csv): Done writing 0 entries, time 1772047774246. Current batch writes took: 0 ms. All writes so far took: 0 ms.
[2026-02-25T19:29:39]:INFO:FileSystem(data/scored_transactions.csv): Done writing 0 entries, time 1772047779246. Current batch writes took: 0 ms. All writes so far took: 0 ms.
[2026-02-25T19:29:39]:INFO:FileSystem(data/alerts.csv): Done writing 0 entries, time 1772047779246. Current batch writes took: 0 ms. All writes so far took: 0 ms.
[2026-02-25T19:29:44]:INFO:FileSystem(data/scored_transactions.csv): Done writing 0 entries, time 1772047784746. Current batch writes took: 0 ms. All writes so far took: 0 ms.
[2026-02-25T19:29:44]:INFO:FileSystem(data/alerts.csv): Done writing 0 entries, time 1772047784746. Current batch writes took: 0 ms. All writes so far took: 0 ms.
[2026-02-25T19:29:50]:INFO:FileSystem(data/scored_transactions.csv): Done writing 0 entries, time 1772047790246. Current batch writes took: 0 ms. All writes so far took: 0 ms.
[2026-02-25T19:29:50]:INFO:FileSystem(data/alerts.csv): Done writing 0 entries, time 1772047790246. Current batch writes took: 0 ms. All writes so far took: 0 ms.
[2026-02-25T19:29:55]:INFO:FileSystem(data/scored_transactions.csv): Done writing 0 entries, time 1772047795746. Current batch writes took: 0 ms. All writes so far took: 0 ms.
[2026-02-25T19:29:55]:INFO:FileSystem(data/alerts.csv): Done writing 0 entries, time 1772047795746. Current batch writes took: 0 ms. All writes so far took: 0 ms.
[2026-02-25T19:30:00]:INFO:FileSystem(data/scored_transactions.csv): Done writing 0 entries, time 1772047800746. Current batch writes took: 0 ms. All writes so far took: 0 ms.
[2026-02-25T19:30:00]:INFO:FileSystem(data/alerts.csv): Done writing 0 entries, time 1772047800746. Current batch writes took: 0 ms. All writes so far took: 0 ms.
[2026-02-25T19:30:06]:INFO:FileSystem(data/scored_transactions.csv): Done writing 0 entries, time 1772047806246. Current batch writes took: 0 ms. All writes so far took: 0 ms.
[2026-02-25T19:30:06]:INFO:FileSystem(data/alerts.csv): Done writing 0 entries, time 1772047806246. Current batch writes took: 0 ms. All writes so far took: 0 ms.
[2026-02-25T19:30:11]:INFO:FileSystem(data/scored_transactions.csv): Done writing 0 entries, time 1772047811746. Current batch writes took: 0 ms. All writes so far took: 0 ms.
[2026-02-25T19:30:11]:INFO:FileSystem(data/alerts.csv): Done writing 0 entries, time 1772047811746. Current batch writes took: 0 ms. All writes so far took: 0 ms.
[2026-02-25T19:30:17]:INFO:FileSystem(data/scored_transactions.csv): Done writing 0 entries, time 1772047817246. Current batch writes took: 0 ms. All writes so far took: 0 ms.
[2026-02-25T19:30:17]:INFO:FileSystem(data/alerts.csv): Done writing 0 entries, time 1772047817246. Current batch writes took: 0 ms. All writes so far took: 0 ms.
[2026-02-25T19:30:22]:INFO:FileSystem(data/scored_transactions.csv): Done writing 0 entries, time 1772047822246. Current batch writes took: 0 ms. All writes so far took: 0 ms.
[2026-02-25T19:30:22]:INFO:FileSystem(data/alerts.csv): Done writing 0 entries, time 1772047822246. Current batch writes took: 0 ms. All writes so far took: 0 ms.
[2026-02-25T19:30:27]:INFO:FileSystem(data/scored_transactions.csv): Done writing 0 entries, time 1772047827746. Current batch writes took: 0 ms. All writes so far took: 0 ms.
[2026-02-25T19:30:27]:INFO:FileSystem(data/alerts.csv): Done writing 0 entries, time 1772047827746. Current batch writes took: 0 ms. All writes so far took: 0 ms.
[2026-02-25T19:30:33]:INFO:FileSystem(data/scored_transactions.csv): Done writing 0 entries, time 1772047833246. Current batch writes took: 0 ms. All writes so far took: 0 ms.
[2026-02-25T19:30:33]:INFO:FileSystem(data/alerts.csv): Done writing 0 entries, time 1772047833246. Current batch writes took: 0 ms. All writes so far took: 0 ms.
[2026-02-25T19:30:38]:INFO:FileSystem(data/scored_transactions.csv): Done writing 0 entries, time 1772047838246. Current batch writes took: 0 ms. All writes so far took: 0 ms.
[2026-02-25T19:30:38]:INFO:FileSystem(data/alerts.csv): Done writing 0 entries, time 1772047838246. Current batch writes took: 0 ms. All writes so far took: 0 ms.
[2026-02-25T19:30:43]:INFO:FileSystem(data/scored_transactions.csv): Done writing 0 entries, time 1772047843246. Current batch writes took: 0 ms. All writes so far took: 0 ms.
[2026-02-25T19:30:43]:INFO:FileSystem(data/alerts.csv): Done writing 0 entries, time 1772047843246. Current batch writes took: 0 ms. All writes so far took: 0 ms.
[2026-02-25T19:30:48]:INFO:FileSystem(data/scored_transactions.csv): Done writing 0 entries, time 1772047848746. Current batch writes took: 0 ms. All writes so far took: 0 ms.
[2026-02-25T19:30:48]:INFO:FileSystem(data/alerts.csv): Done writing 0 entries, time 1772047848746. Current batch writes took: 0 ms. All writes so far took: 0 ms.
[2026-02-25T19:30:54]:INFO:FileSystem(data/scored_transactions.csv): Done writing 0 entries, time 1772047854246. Current batch writes took: 0 ms. All writes so far took: 0 ms.
[2026-02-25T19:30:54]:INFO:FileSystem(data/alerts.csv): Done writing 0 entries, time 1772047854246. Current batch writes took: 0 ms. All writes so far took: 0 ms.
[2026-02-25T19:30:59]:INFO:FileSystem(data/scored_transactions.csv): Done writing 0 entries, time 1772047859246. Current batch writes took: 0 ms. All writes so far took: 0 ms.
[2026-02-25T19:30:59]:INFO:FileSystem(data/alerts.csv): Done writing 0 entries, time 1772047859246. Current batch writes took: 0 ms. All writes so far took: 0 ms.
[2026-02-25T19:31:04]:INFO:FileSystem(data/scored_transactions.csv): Done writing 0 entries, time 1772047864246. Current batch writes took: 0 ms. All writes so far took: 0 ms.
[2026-02-25T19:31:04]:INFO:FileSystem(data/alerts.csv): Done writing 0 entries, time 1772047864246. Current batch writes took: 0 ms. All writes so far took: 0 ms.
[2026-02-25T19:31:09]:INFO:FileSystem(data/scored_transactions.csv): Done writing 0 entries, time 1772047869746. Current batch writes took: 0 ms. All writes so far took: 0 ms.
[2026-02-25T19:31:09]:INFO:FileSystem(data/alerts.csv): Done writing 0 entries, time 1772047869746. Current batch writes took: 0 ms. All writes so far took: 0 ms.
[2026-02-25T19:31:14]:INFO:FileSystem(data/scored_transactions.csv): Done writing 0 entries, time 1772047874746. Current batch writes took: 0 ms. All writes so far took: 0 ms.
[2026-02-25T19:31:14]:INFO:FileSystem(data/alerts.csv): Done writing 0 entries, time 1772047874746. Current batch writes took: 0 ms. All writes so far took: 0 ms.
[2026-02-25T19:31:19]:INFO:FileSystem(data/scored_transactions.csv): Done writing 0 entries, time 1772047879746. Current batch writes took: 0 ms. All writes so far took: 0 ms.
[2026-02-25T19:31:19]:INFO:FileSystem(data/alerts.csv): Done writing 0 entries, time 1772047879746. Current batch writes took: 0 ms. All writes so far took: 0 ms.
[2026-02-25T19:31:25]:INFO:FileSystem(data/scored_transactions.csv): Done writing 0 entries, time 1772047885246. Current batch writes took: 0 ms. All writes so far took: 0 ms.
[2026-02-25T19:31:25]:INFO:FileSystem(data/alerts.csv): Done writing 0 entries, time 1772047885246. Current batch writes took: 0 ms. All writes so far took: 0 ms.
[2026-02-25T19:31:30]:INFO:FileSystem(data/scored_transactions.csv): Done writing 0 entries, time 1772047890246. Current batch writes took: 0 ms. All writes so far took: 0 ms.
[2026-02-25T19:31:30]:INFO:FileSystem(data/alerts.csv): Done writing 0 entries, time 1772047890246. Current batch writes took: 0 ms. All writes so far took: 0 ms.
[2026-02-25T19:31:35]:INFO:FileSystem(data/scored_transactions.csv): Done writing 0 entries, time 1772047895746. Current batch writes took: 0 ms. All writes so far took: 0 ms.
[2026-02-25T19:31:35]:INFO:FileSystem(data/alerts.csv): Done writing 0 entries, time 1772047895746. Current batch writes took: 0 ms. All writes so far took: 0 ms.
[2026-02-25T19:31:40]:INFO:FileSystem(data/scored_transactions.csv): Done writing 0 entries, time 1772047900746. Current batch writes took: 0 ms. All writes so far took: 0 ms.
[2026-02-25T19:31:40]:INFO:FileSystem(data/alerts.csv): Done writing 0 entries, time 1772047900746. Current batch writes took: 0 ms. All writes so far took: 0 ms.
[2026-02-25T19:31:46]:INFO:FileSystem(data/scored_transactions.csv): Done writing 0 entries, time 1772047906246. Current batch writes took: 0 ms. All writes so far took: 0 ms.
[2026-02-25T19:31:46]:INFO:FileSystem(data/alerts.csv): Done writing 0 entries, time 1772047906246. Current batch writes took: 0 ms. All writes so far took: 0 ms.
[2026-02-25T19:31:51]:INFO:FileSystem(data/scored_transactions.csv): Done writing 0 entries, time 1772047911246. Current batch writes took: 0 ms. All writes so far took: 0 ms.
[2026-02-25T19:31:51]:INFO:FileSystem(data/alerts.csv): Done writing 0 entries, time 1772047911246. Current batch writes took: 0 ms. All writes so far took: 0 ms.
[2026-02-25T19:31:56]:INFO:FileSystem(data/scored_transactions.csv): Done writing 0 entries, time 1772047916746. Current batch writes took: 0 ms. All writes so far took: 0 ms.
[2026-02-25T19:31:56]:INFO:FileSystem(data/alerts.csv): Done writing 0 entries, time 1772047916746. Current batch writes took: 0 ms. All writes so far took: 0 ms.
[2026-02-25T19:32:01]:INFO:FileSystem(data/scored_transactions.csv): Done writing 0 entries, time 1772047921746. Current batch writes took: 0 ms. All writes so far took: 0 ms.
[2026-02-25T19:32:01]:INFO:FileSystem(data/alerts.csv): Done writing 0 entries, time 1772047921746. Current batch writes took: 0 ms. All writes so far took: 0 ms.
[2026-02-25T19:32:07]:INFO:FileSystem(data/scored_transactions.csv): Done writing 0 entries, time 1772047927246. Current batch writes took: 0 ms. All writes so far took: 0 ms.
[2026-02-25T19:32:07]:INFO:FileSystem(data/alerts.csv): Done writing 0 entries, time 1772047927246. Current batch writes took: 0 ms. All writes so far took: 0 ms.
[2026-02-25T19:32:12]:INFO:FileSystem(data/scored_transactions.csv): Done writing 0 entries, time 1772047932746. Current batch writes took: 0 ms. All writes so far took: 0 ms.
[2026-02-25T19:32:12]:INFO:FileSystem(data/alerts.csv): Done writing 0 entries, time 1772047932746. Current batch writes took: 0 ms. All writes so far took: 0 ms.
[2026-02-25T19:32:17]:INFO:FileSystem(data/scored_transactions.csv): Done writing 0 entries, time 1772047937746. Current batch writes took: 0 ms. All writes so far took: 0 ms.
[2026-02-25T19:32:17]:INFO:FileSystem(data/alerts.csv): Done writing 0 entries, time 1772047937746. Current batch writes took: 0 ms. All writes so far took: 0 ms.
[2026-02-25T19:32:22]:INFO:FileSystem(data/scored_transactions.csv): Done writing 0 entries, time 1772047942746. Current batch writes took: 0 ms. All writes so far took: 0 ms.
[2026-02-25T19:32:22]:INFO:FileSystem(data/alerts.csv): Done writing 0 entries, time 1772047942746. Current batch writes took: 0 ms. All writes so far took: 0 ms.
[2026-02-25T19:32:27]:INFO:FileSystem(data/scored_transactions.csv): Done writing 0 entries, time 1772047947746. Current batch writes took: 0 ms. All writes so far took: 0 ms.
[2026-02-25T19:32:27]:INFO:FileSystem(data/alerts.csv): Done writing 0 entries, time 1772047947746. Current batch writes took: 0 ms. All writes so far took: 0 ms.
[2026-02-25T19:32:33]:INFO:FileSystem(data/scored_transactions.csv): Done writing 0 entries, time 1772047953246. Current batch writes took: 0 ms. All writes so far took: 0 ms.
[2026-02-25T19:32:33]:INFO:FileSystem(data/alerts.csv): Done writing 0 entries, time 1772047953246. Current batch writes took: 0 ms. All writes so far took: 0 ms.
[2026-02-25T19:32:38]:INFO:FileSystem(data/scored_transactions.csv): Done writing 0 entries, time 1772047958246. Current batch writes took: 0 ms. All writes so far took: 0 ms.
[2026-02-25T19:32:38]:INFO:FileSystem(data/alerts.csv): Done writing 0 entries, time 1772047958246. Current batch writes took: 0 ms. All writes so far took: 0 ms.
